<?xml version="1.0" encoding="UTF-8"?>
<!-- Generated by org.testng.reporters.JUnitXMLReporter -->
<testsuite ignored="2" hostname="LAPTOP-GHCIP61N" failures="0" tests="1" name="Default test" time="33.388" errors="0" timestamp="2023-01-28T21:34:23 IST">
  <testcase classname="Vtiger.OrganizationsTestScripts.RegressionTestingWithOrganizationTest" name="createOrgWithIndustryDataProviderWithSmokeTest" time="19.352"/>
  <testcase classname="Vtiger.OrganizationsTestScripts.RegressionTestingWithOrganizationTest" name="demoTest" time="0.0">
    <ignored/>
  </testcase> <!-- demoTest -->
  <testcase classname="Vtiger.OrganizationsTestScripts.RegressionTestingWithOrganizationTest" name="demoTest2" time="0.0">
    <ignored/>
  </testcase> <!-- demoTest2 -->
</testsuite> <!-- Default test -->
