<?xml version="1.0" encoding="UTF-8"?>
<!-- Generated by org.testng.reporters.JUnitXMLReporter -->
<testsuite ignored="1" hostname="LAPTOP-GHCIP61N" failures="0" tests="2" name="Test" time="25.633" errors="0" timestamp="2023-01-25T22:01:36 IST">
  <testcase classname="Vtiger.OrganizationsTestScripts.RegressionTestingWithOrganizationTest" name="createOrgWithIndustryDataProviderWithSmokeTest" time="10.811"/>
  <testcase classname="Vtiger.OrganizationsTestScripts.RegressionTestingWithOrganizationTest" name="demoTest" time="0.005"/>
  <testcase classname="Vtiger.OrganizationsTestScripts.RegressionTestingWithOrganizationTest" name="demoTest2" time="0.0">
    <ignored/>
  </testcase> <!-- demoTest2 -->
</testsuite> <!-- Test -->
