<?xml version="1.0" encoding="UTF-8"?>
<!-- Generated by org.testng.reporters.JUnitXMLReporter -->
<testsuite ignored="1" hostname="LAPTOP-GHCIP61N" failures="0" tests="2" name="Test" time="23.781" errors="0" timestamp="2023-01-25T22:34:50 IST">
  <testcase classname="Vtiger.OrganizationsTestScripts.RegressionTestingWithOrganizationTest" name="createOrgWithIndustryDataProviderWithSmokeTest" time="9.884"/>
  <testcase classname="Vtiger.OrganizationsTestScripts.RegressionTestingWithOrganizationTest" name="demoTest" time="0.001"/>
  <testcase classname="Vtiger.OrganizationsTestScripts.RegressionTestingWithOrganizationTest" name="demoTest2" time="0.0">
    <ignored/>
  </testcase> <!-- demoTest2 -->
</testsuite> <!-- Test -->
