<?xml version="1.0" encoding="UTF-8"?>
<testng-results ignored="0" total="1" passed="1" failed="0" skipped="0">
  <reporter-output>
  </reporter-output>
  <suite started-at="2023-01-25T12:36:39 IST" name="Default suite" finished-at="2023-01-25T12:36:58 IST" duration-ms="19438">
    <groups>
      <group name="SmokeSuite">
        <method signature="DemoTest2.Demo1Test()[pri:0, instance:Vtiger.Practice.DemoTest2@5158b42f]" name="Demo1Test" class="Vtiger.Practice.DemoTest2"/>
      </group> <!-- SmokeSuite -->
    </groups>
    <test started-at="2023-01-25T12:36:39 IST" name="Default test" finished-at="2023-01-25T12:36:58 IST" duration-ms="19438">
      <class name="Vtiger.Practice.DemoTest2">
        <test-method is-config="true" signature="bsconfig()[pri:0, instance:Vtiger.Practice.DemoTest2@5158b42f]" started-at="2023-01-25T12:36:39 IST" name="bsconfig" finished-at="2023-01-25T12:36:39 IST" duration-ms="4" status="PASS">
          <reporter-output>
          </reporter-output>
        </test-method> <!-- bsconfig -->
        <test-method is-config="true" signature="bcConfig()[pri:0, instance:Vtiger.Practice.DemoTest2@5158b42f]" started-at="2023-01-25T12:36:39 IST" name="bcConfig" finished-at="2023-01-25T12:36:46 IST" duration-ms="7902" status="PASS">
          <reporter-output>
          </reporter-output>
        </test-method> <!-- bcConfig -->
        <test-method is-config="true" signature="bmConfig()[pri:0, instance:Vtiger.Practice.DemoTest2@5158b42f]" started-at="2023-01-25T12:36:46 IST" name="bmConfig" finished-at="2023-01-25T12:36:52 IST" duration-ms="5903" status="PASS">
          <reporter-output>
          </reporter-output>
        </test-method> <!-- bmConfig -->
        <test-method signature="Demo1Test()[pri:0, instance:Vtiger.Practice.DemoTest2@5158b42f]" started-at="2023-01-25T12:36:52 IST" name="Demo1Test" finished-at="2023-01-25T12:36:52 IST" duration-ms="9" status="PASS">
          <reporter-output>
          </reporter-output>
        </test-method> <!-- Demo1Test -->
        <test-method is-config="true" signature="amConfig()[pri:0, instance:Vtiger.Practice.DemoTest2@5158b42f]" started-at="2023-01-25T12:36:52 IST" name="amConfig" finished-at="2023-01-25T12:36:58 IST" duration-ms="5282" status="PASS">
          <reporter-output>
          </reporter-output>
        </test-method> <!-- amConfig -->
        <test-method is-config="true" signature="acConfig()[pri:0, instance:Vtiger.Practice.DemoTest2@5158b42f]" started-at="2023-01-25T12:36:58 IST" name="acConfig" finished-at="2023-01-25T12:36:58 IST" duration-ms="304" status="PASS">
          <reporter-output>
          </reporter-output>
        </test-method> <!-- acConfig -->
        <test-method is-config="true" signature="asconfig()[pri:0, instance:Vtiger.Practice.DemoTest2@5158b42f]" started-at="2023-01-25T12:36:58 IST" name="asconfig" finished-at="2023-01-25T12:36:58 IST" duration-ms="0" status="PASS">
          <reporter-output>
          </reporter-output>
        </test-method> <!-- asconfig -->
      </class> <!-- Vtiger.Practice.DemoTest2 -->
    </test> <!-- Default test -->
  </suite> <!-- Default suite -->
</testng-results>
